******************* GDI DUMP => Date : Wed Jan 08 11:24:44 2025

ST-Link is not in the DFU mode.
Please restart it.
**** End of GDI DUMP ****
******************* GDI DUMP => Date : Wed Jan 08 11:24:49 2025

ST-Link is not in the DFU mode.
Please restart it.
**** End of GDI DUMP ****
******************* GDI DUMP => Date : Wed Jan 08 11:24:55 2025

ST-Link is not in the DFU mode.
Please restart it.
**** End of GDI DUMP ****
******************* GDI DUMP => Date : Wed Jan 08 11:25:00 2025

ST-Link is not in the DFU mode.
Please restart it.
**** End of GDI DUMP ****
******************* GDI DUMP => Date : Wed Jan 08 11:25:08 2025

ST-Link is not in the DFU mode.
Please restart it.
**** End of GDI DUMP ****
******************* GDI DUMP => Date : Wed Jan 08 11:25:18 2025

ST-Link is not in the DFU mode.
Please restart it.
**** End of GDI DUMP ****
******************* GDI DUMP => Date : Wed Jan 08 11:25:28 2025

ST-Link is not in the DFU mode.
Please restart it.
**** End of GDI DUMP ****
******************* GDI DUMP => Date : Wed Jan 08 11:28:45 2025

ST-Link is not in the DFU mode.
Please restart it.
**** End of GDI DUMP ****
******************* GDI DUMP => Date : Wed Jan 08 11:28:53 2025

ST-Link is not in the DFU mode.
Please restart it.
**** End of GDI DUMP ****
******************* GDI DUMP => Date : Wed Jan 08 11:29:10 2025

No ST-Link device detected.
Please connect it and then retry.
**** End of GDI DUMP ****
******************* GDI DUMP => Date : Wed Jan 08 11:29:14 2025

No ST-Link device detected.
Please connect it and then retry.
**** End of GDI DUMP ****
******************* GDI DUMP => Date : Wed Jan 08 11:29:17 2025

ST-Link is not in the DFU mode.
Please restart it.
**** End of GDI DUMP ****
******************* GDI DUMP => Date : Wed Jan 08 11:34:08 2025

The up-to-date firmware is too big for this board. Can't update.
**** End of GDI DUMP ****
******************* GDI DUMP => Date : Wed Jan 08 11:36:23 2025

The up-to-date firmware is too big for this board. Can't update.
**** End of GDI DUMP ****
******************* GDI DUMP => Date : Wed Jan 08 13:20:15 2025

ST-Link is not in the DFU mode.
Please restart it.
**** End of GDI DUMP ****
******************* GDI DUMP => Date : Wed Jan 08 13:20:21 2025

ST-Link is not in the DFU mode.
Please restart it.
**** End of GDI DUMP ****
******************* GDI DUMP => Date : Wed Jan 08 13:20:27 2025

ST-Link is not in the DFU mode.
Please restart it.
**** End of GDI DUMP ****
******************* GDI DUMP => Date : Wed Jan 08 13:24:23 2025

No ST-Link device detected.
Please connect it and then retry.
**** End of GDI DUMP ****
