Removed Pin From Net: NetName=GND Pin=L2-1
Removed Pin From Net: NetName=VUSB Pin=USB 1-1
Removed Pin From Net: NetName=USB-DM Pin=USB 1-2
Removed Pin From Net: NetName=USB-DP Pin=USB 1-3
Removed Pin From Net: NetName=GND Pin=USB 1-5
Removed Member From Class: ClassName=MAIN Member=L2
Removed Member From Class: ClassName=MAIN Member=USB 1
Added Component: Designator=J1(FP-USB4105-GF-A-MFG)
Add component (AddParameter): Name = "Automotive"; Value = "No"; VariantName = "[No Variations]"
Add component (AddParameter): Name = "Category"; Value = "Conn"; VariantName = "[No Variations]"
Add component (AddParameter): Name = "ComponentLink2Description"; Value = "Datasheet"; VariantName = "[No Variations]"
Add component (AddParameter): Name = "ComponentLink2URL"; Value = "https://gct.co/files/drawings/usb4105.pdf"; VariantName = "[No Variations]"
Add component (AddParameter): Name = "Conn Orientation"; Value = "Right Angle"; VariantName = "[No Variations]"
Add component (AddParameter): Name = "Contact Material"; Value = "Gold,Nickel"; VariantName = "[No Variations]"
Add component (AddParameter): Name = "Current Rating"; Value = "5/6.25/1.25/0.25A"; VariantName = "[No Variations]"
Add component (AddParameter): Name = "Device Class L1"; Value = "Connectors"; VariantName = "[No Variations]"
Add component (AddParameter): Name = "Device Class L2"; Value = "USB Connectors"; VariantName = "[No Variations]"
Add component (AddParameter): Name = "Device Class L3"; Value = "unset"; VariantName = "[No Variations]"
Add component (AddParameter): Name = "Digikey Description"; Value = "CONN RCPT USB2.0 TYPEC 5A"; VariantName = "[No Variations]"
Add component (AddParameter): Name = "Height"; Value = "3.46mm"; VariantName = "[No Variations]"
Add component (AddParameter): Name = "Is Female"; Value = "yes"; VariantName = "[No Variations]"
Add component (AddParameter): Name = "Lead Free"; Value = "Yes"; VariantName = "[No Variations]"
Add component (AddParameter): Name = "Manufacturer"; Value = "GCT"; VariantName = "[No Variations]"
Add component (AddParameter): Name = "Manufacturer Part Number"; Value = "USB4105-GF-A"; VariantName = "[No Variations]"
Add component (AddParameter): Name = "Number Of Contacts"; Value = "16"; VariantName = "[No Variations]"
Add component (AddParameter): Name = "Octopart"; Value = "https://octopart.com/usb4105-gf-a-gct-106627878"; VariantName = "[No Variations]"
Add component (AddParameter): Name = "Package"; Value = "0"; VariantName = "[No Variations]"
Add component (AddParameter): Name = "RoHS"; Value = "TRUE"; VariantName = "[No Variations]"
Add component (AddParameter): Name = "Temperature"; Value = "-40°C to +85°C"; VariantName = "[No Variations]"
Add component (AddParameter): Name = "Temperature Range High"; Value = "+85°C"; VariantName = "[No Variations]"
Add component (AddParameter): Name = "Temperature Range Low"; Value = "-40°C"; VariantName = "[No Variations]"
Add component (AddParameter): Name = "Usb Standard"; Value = "USB 2.0"; VariantName = "[No Variations]"
Add component (AddParameter): Name = "Voltage Rating"; Value = "20V"; VariantName = "[No Variations]"
Added Component: Designator=R22(R0603)
Add component (AddParameter): Name = "Designer"; Value = "Parsa Malekpour"; VariantName = "[No Variations]"
Add component (AddParameter): Name = "Value"; Value = "5K1"; VariantName = "[No Variations]"
Added Component: Designator=R23(R0603)
Add component (AddParameter): Name = "Designer"; Value = "Parsa Malekpour"; VariantName = "[No Variations]"
Add component (AddParameter): Name = "Value"; Value = "5K1"; VariantName = "[No Variations]"
Added Pin To Net: NetName=GND Pin=J1-1
Added Pin To Net: NetName=GND Pin=J1-2
Added Pin To Net: NetName=GND Pin=J1-3
Added Pin To Net: NetName=GND Pin=J1-4
Added Pin To Net: NetName=GND Pin=J1-A1-B12
Added Pin To Net: NetName=VUSB Pin=J1-A4-B9
Added Pin To Net: NetName=USB-DP Pin=J1-A6
Added Pin To Net: NetName=USB-DM Pin=J1-A7
Added Pin To Net: NetName=GND Pin=J1-B1-A12
Added Pin To Net: NetName=VUSB Pin=J1-B4-A9
Added Pin To Net: NetName=USB-DP Pin=J1-B6
Added Pin To Net: NetName=USB-DM Pin=J1-B7
Added Pin To Net: NetName=GND Pin=R22-2
Added Pin To Net: NetName=GND Pin=R23-2
Added Pin To Net: NetName=CC1 Pin=J1-A5
Added Pin To Net: NetName=CC1 Pin=R22-1
Added Net: Name=CC1
Added Pin To Net: NetName=CC2 Pin=J1-B5
Added Pin To Net: NetName=CC2 Pin=R23-1
Added Net: Name=CC2
Added Member To Class: ClassName=MAIN Member=Component J1 USB4105-GF-A
Added Member To Class: ClassName=MAIN Member=Component R22 5K1
Added Member To Class: ClassName=MAIN Member=Component R23 5K1
Added Room: Name=MAIN
